Copyright 1986-2022 Xilinx, Inc. All Rights Reserved. Copyright 2022-2023 Advanced Micro Devices, Inc. All Rights Reserved.
-----------------------------------------------------------------------------------------------------------------------------------------------
| Tool Version : Vivado v.2023.1 (lin64) Build 3865809 Sun May  7 15:04:56 MDT 2023
| Date         : Thu Jan  4 21:39:53 2024
| Host         : matthew-xilinx running 64-bit Ubuntu 22.04.1 LTS
| Command      : report_utilization -file cpm_pcie_exerciser_wrapper_utilization_synth.rpt -pb cpm_pcie_exerciser_wrapper_utilization_synth.pb
| Design       : cpm_pcie_exerciser_wrapper
| Device       : xcvp1202-vsva2785-2MHP-e-S-es1
| Speed File   : -2MHP
| Design State : Synthesized
-----------------------------------------------------------------------------------------------------------------------------------------------

Utilization Design Information

Table of Contents
-----------------
1. Netlist Logic
2. BLOCKRAM
3. ARITHMETIC
4. I/O
5. CLOCK
6. NOC Interfaces
7. AI Engines
8. ADVANCED
9. Primitives
10. Black Boxes
11. Instantiated Netlists

1. Netlist Logic
----------------

+-------------------------+------+-------+------------+-----------+-------+
|        Site Type        | Used | Fixed | Prohibited | Available | Util% |
+-------------------------+------+-------+------------+-----------+-------+
| Registers               | 6278 |     0 |          0 |   1800448 |  0.35 |
|   Register as Flip Flop | 6274 |     0 |          0 |   1800448 |  0.35 |
|   Register as Latch     |    4 |     0 |          0 |   1800448 | <0.01 |
| CLB LUTs*               | 9314 |     0 |          0 |    900224 |  1.03 |
|   LUT as Logic          | 9314 |     0 |          0 |    900224 |  1.03 |
|   LUT as Memory         |    0 |     0 |          0 |    450112 |  0.00 |
| LOOKAHEAD8              |   31 |     0 |          0 |    112528 |  0.03 |
+-------------------------+------+-------+------------+-----------+-------+
* Warning! The Final LUT count, after physical optimizations and full implementation, is typically lower. Run opt_design after synthesis, if not already completed, for a more realistic count.
Warning! LUT value is adjusted to account for LUT combining.


2. BLOCKRAM
-----------

+--------------------------+------+-------+------------+-----------+-------+
|         Site Type        | Used | Fixed | Prohibited | Available | Util% |
+--------------------------+------+-------+------------+-----------+-------+
| Block RAM Tile           |    0 |     0 |          0 |      1341 |  0.00 |
|   RAMB36E5               |    0 |     0 |          0 |      1341 |  0.00 |
|   RAMB18E5*              |    0 |     0 |          0 |      2682 |  0.00 |
| Block RAM Imux registers |    0 |     0 |            |           |       |
|   Pipelining             |    0 |       |            |           |       |
| URAM                     |    0 |     0 |          0 |       677 |  0.00 |
| URAM Imux registers      |    0 |     0 |            |           |       |
|   Pipelining             |    0 |       |            |           |       |
+--------------------------+------+-------+------------+-----------+-------+
* Note: Each RAMB18 is counted as 0.5 Block RAM tiles


3. ARITHMETIC
-------------

+--------------------+------+-------+------------+-----------+-------+
|      Site Type     | Used | Fixed | Prohibited | Available | Util% |
+--------------------+------+-------+------------+-----------+-------+
| DSP Slices         |    1 |     0 |          0 |      3984 |  0.03 |
|   DSP58            |    1 |     0 |            |           |       |
|   DSPCPLX          |    0 |     0 |            |           |       |
|   DSPFP32          |    0 |     0 |            |           |       |
|   DSP48E5          |    0 |     0 |            |           |       |
| DSP Imux registers |    0 |     0 |            |           |       |
|   Pipelining       |    0 |       |            |           |       |
+--------------------+------+-------+------------+-----------+-------+


4. I/O
------

+------------------------------+------+-------+------------+-----------+-------+
|           Site Type          | Used | Fixed | Prohibited | Available | Util% |
+------------------------------+------+-------+------------+-----------+-------+
| Bonded IOB                   |    0 |     0 |          0 |       702 |  0.00 |
| IDELAY                       |    0 |     0 |            |           |       |
| ODELAY                       |    0 |     0 |            |           |       |
| Input Registers              |    0 |     0 |            |           |       |
|   IDDR                       |    0 |     0 |            |           |       |
|   Single Data Rate Registers |    0 |     0 |            |           |       |
| Output Registers             |    0 |     0 |            |           |       |
|   ODDR                       |    0 |     0 |            |           |       |
|   Single Data Rate Registers |    0 |     0 |            |           |       |
| Output Tristate Registers    |    0 |     0 |            |           |       |
|   ODDR                       |    0 |     0 |            |           |       |
|   Single Data Rate Registers |    0 |     0 |            |           |       |
+------------------------------+------+-------+------------+-----------+-------+


5. CLOCK
--------

+--------------------------+------+-------+------------+-----------+-------+
|         Site Type        | Used | Fixed | Prohibited | Available | Util% |
+--------------------------+------+-------+------------+-----------+-------+
| GLOBAL CLOCK BUFFERs     |    8 |     0 |          0 |       984 |  0.81 |
|   BUFGCE_DIV/MBUFGCE_DIV |    0 |     0 |          0 |        44 |  0.00 |
|   BUFG_PS/MBUFG_PS       |    8 |     0 |          0 |        36 | 22.22 |
|   BUFG_GT/MBUFG_GT       |    0 |     0 |          0 |       120 |  0.00 |
|   BUFGCE/MBUFGCE         |    0 |     0 |          0 |       312 |  0.00 |
|   BUFGCTRL/MBUFGCTRL*    |    0 |     0 |          0 |        88 |  0.00 |
|   BUFG_FABRIC            |    0 |     0 |          0 |       384 |  0.00 |
| DPLL                     |    0 |     0 |          0 |        21 |  0.00 |
| XPLL                     |    0 |     0 |          0 |        26 |  0.00 |
| MMCM                     |    0 |     0 |          0 |        13 |  0.00 |
+--------------------------+------+-------+------------+-----------+-------+
* Note: Each used BUFGCTRL/MBUFGCTRL counts as two GLOBAL CLOCK BUFFERs. This table does not include global clocking resources, only buffer cell usage. See the Clock Utilization Report (report_clock_utilization) for detailed accounting of global clocking resource availability.


6. NOC Interfaces
-----------------

+--------------------+------+-------+------------+-----------+-------+
|      Site Type     | Used | Fixed | Prohibited | Available | Util% |
+--------------------+------+-------+------------+-----------+-------+
| PL NOC Master Unit |    0 |     0 |          0 |        28 |  0.00 |
| PL NOC Slave Unit  |    0 |     0 |          0 |        28 |  0.00 |
| PS NOC Master Unit |    0 |     0 |          0 |        10 |  0.00 |
| PS NOC Slave Unit  |    0 |     0 |          0 |         6 |  0.00 |
+--------------------+------+-------+------------+-----------+-------+


7. AI Engines
-------------

+-----------+------+-------+------------+-----------+-------+
| Site Type | Used | Fixed | Prohibited | Available | Util% |
+-----------+------+-------+------------+-----------+-------+


8. ADVANCED
-----------

+--------------------+------+-------+------------+-----------+--------+
|      Site Type     | Used | Fixed | Prohibited | Available |  Util% |
+--------------------+------+-------+------------+-----------+--------+
| CPM5               |    1 |     0 |          0 |         1 | 100.00 |
| DCMAC              |    0 |     0 |          0 |         1 |   0.00 |
| DDRMC              |    0 |     0 |          0 |         4 |   0.00 |
| DDRMC_RIU          |    0 |     0 |          0 |         4 |   0.00 |
| GTME5_QUAD         |    0 |     0 |          0 |         5 |   0.00 |
| GTYP_QUAD          |    2 |     0 |          0 |         7 |  28.57 |
| MRMAC              |    0 |     0 |          0 |         2 |   0.00 |
| NPI_NIR            |    0 |     0 |          0 |         1 |   0.00 |
| OBUFDS_GTE5        |    0 |     0 |          0 |        14 |   0.00 |
| OBUFDS_GTE5_ADV    |    0 |     0 |          0 |        14 |   0.00 |
| OBUFDS_GTME5       |    0 |     0 |          0 |        10 |   0.00 |
| OBUFDS_GTME5_ADV   |    0 |     0 |          0 |        10 |   0.00 |
| OBUFTDS_COMP       |    0 |     0 |          0 |       351 |   0.00 |
| PCIE50E5           |    0 |     0 |          0 |         2 |   0.00 |
| PS9                |    1 |     0 |          0 |         1 | 100.00 |
| BLI Registers      |    0 |     0 |          0 |     50032 |   0.00 |
| BLI Imux Registers |    0 |     0 |            |           |        |
|   Pipelining       |    0 |     0 |            |           |        |
| HSC                |    0 |     0 |          0 |         1 |   0.00 |
| DCMAC              |    0 |     0 |          0 |         1 |   0.00 |
+--------------------+------+-------+------------+-----------+--------+


9. Primitives
-------------

+-------------+------+---------------------+
|   Ref Name  | Used | Functional Category |
+-------------+------+---------------------+
| FDRE        | 6000 |            Register |
| LUT6        | 3680 |                 CLB |
| LUT4        | 1806 |                 CLB |
| LUT5        | 1779 |                 CLB |
| LUT1        | 1287 |                 CLB |
| LUT3        |  809 |                 CLB |
| LUT2        |  570 |                 CLB |
| FDCE        |  263 |            Register |
| LUTCY2      |  232 |                 CLB |
| LUTCY1      |  232 |                 CLB |
| LOOKAHEAD8  |   31 |                 CLB |
| BUFG_PS     |    8 |               Clock |
| FDSE        |    7 |            Register |
| LDCE        |    4 |            Register |
| FDPE        |    4 |            Register |
| GTYP_QUAD   |    2 |            Advanced |
| PS9         |    1 |            Advanced |
| IBUFDS_GTE5 |    1 |                 I/O |
| DSP58       |    1 |          Arithmetic |
| CPM5        |    1 |            Advanced |
+-------------+------+---------------------+


10. Black Boxes
---------------

+------------+------+
|  Ref Name  | Used |
+------------+------+
| axis_ila_2 |    1 |
| axis_ila_1 |    1 |
| axis_ila_0 |    1 |
+------------+------+


11. Instantiated Netlists
-------------------------

+----------+------+
| Ref Name | Used |
+----------+------+


